<?xml version="1.0" encoding="UTF-8"?>
<testsuite xmlns:xsi="http://www.w3.org/2001/XMLSchema-instance" xsi:noNamespaceSchemaLocation="https://maven.apache.org/surefire/maven-surefire-plugin/xsd/surefire-test-report-3.0.xsd" version="3.0" name="com.service_registry.eurika_server.EurekaServerApplicationTests" time="7.626" tests="1" errors="0" skipped="0" failures="0">
  <properties>
    <property name="java.specification.version" value="21"/>
    <property name="sun.jnu.encoding" value="UTF-8"/>
    <property name="java.class.path" value="/Users/amieldelosreyes/Desktop/Amiel Microservice Ecosystem/service-registry/target/test-classes:/Users/amieldelosreyes/Desktop/Amiel Microservice Ecosystem/service-registry/target/classes:/Users/amieldelosreyes/.m2/repository/org/springframework/cloud/spring-cloud-starter-netflix-eureka-server/4.1.2/spring-cloud-starter-netflix-eureka-server-4.1.2.jar:/Users/amieldelosreyes/.m2/repository/org/springframework/cloud/spring-cloud-starter/4.1.3/spring-cloud-starter-4.1.3.jar:/Users/amieldelosreyes/.m2/repository/org/springframework/cloud/spring-cloud-context/4.1.3/spring-cloud-context-4.1.3.jar:/Users/amieldelosreyes/.m2/repository/org/springframework/security/spring-security-crypto/6.3.1/spring-security-crypto-6.3.1.jar:/Users/amieldelosreyes/.m2/repository/org/springframework/cloud/spring-cloud-commons/4.1.3/spring-cloud-commons-4.1.3.jar:/Users/amieldelosreyes/.m2/repository/org/springframework/security/spring-security-rsa/1.1.3/spring-security-rsa-1.1.3.jar:/Users/amieldelosreyes/.m2/repository/org/bouncycastle/bcprov-jdk18on/1.78/bcprov-jdk18on-1.78.jar:/Users/amieldelosreyes/.m2/repository/org/springframework/cloud/spring-cloud-netflix-eureka-server/4.1.2/spring-cloud-netflix-eureka-server-4.1.2.jar:/Users/amieldelosreyes/.m2/repository/org/springframework/boot/spring-boot-starter-actuator/3.3.1/spring-boot-starter-actuator-3.3.1.jar:/Users/amieldelosreyes/.m2/repository/org/springframework/boot/spring-boot-actuator-autoconfigure/3.3.1/spring-boot-actuator-autoconfigure-3.3.1.jar:/Users/amieldelosreyes/.m2/repository/org/springframework/boot/spring-boot-actuator/3.3.1/spring-boot-actuator-3.3.1.jar:/Users/amieldelosreyes/.m2/repository/io/micrometer/micrometer-jakarta9/1.13.1/micrometer-jakarta9-1.13.1.jar:/Users/amieldelosreyes/.m2/repository/io/micrometer/micrometer-core/1.13.1/micrometer-core-1.13.1.jar:/Users/amieldelosreyes/.m2/repository/org/hdrhistogram/HdrHistogram/2.2.2/HdrHistogram-2.2.2.jar:/Users/amieldelosreyes/.m2/repository/org/latencyutils/LatencyUtils/2.0.3/LatencyUtils-2.0.3.jar:/Users/amieldelosreyes/.m2/repository/org/springframework/boot/spring-boot-starter-freemarker/3.3.1/spring-boot-starter-freemarker-3.3.1.jar:/Users/amieldelosreyes/.m2/repository/org/freemarker/freemarker/2.3.33/freemarker-2.3.33.jar:/Users/amieldelosreyes/.m2/repository/org/springframework/spring-context-support/6.1.10/spring-context-support-6.1.10.jar:/Users/amieldelosreyes/.m2/repository/org/springframework/cloud/spring-cloud-netflix-eureka-client/4.1.2/spring-cloud-netflix-eureka-client-4.1.2.jar:/Users/amieldelosreyes/.m2/repository/com/netflix/eureka/eureka-client/2.0.2/eureka-client-2.0.2.jar:/Users/amieldelosreyes/.m2/repository/com/netflix/netflix-commons/netflix-eventbus/0.3.0/netflix-eventbus-0.3.0.jar:/Users/amieldelosreyes/.m2/repository/com/netflix/netflix-commons/netflix-infix/0.3.0/netflix-infix-0.3.0.jar:/Users/amieldelosreyes/.m2/repository/commons-jxpath/commons-jxpath/1.3/commons-jxpath-1.3.jar:/Users/amieldelosreyes/.m2/repository/joda-time/joda-time/2.3/joda-time-2.3.jar:/Users/amieldelosreyes/.m2/repository/org/antlr/antlr-runtime/3.4/antlr-runtime-3.4.jar:/Users/amieldelosreyes/.m2/repository/org/antlr/stringtemplate/3.2.1/stringtemplate-3.2.1.jar:/Users/amieldelosreyes/.m2/repository/antlr/antlr/2.7.7/antlr-2.7.7.jar:/Users/amieldelosreyes/.m2/repository/com/google/code/gson/gson/2.10.1/gson-2.10.1.jar:/Users/amieldelosreyes/.m2/repository/org/apache/commons/commons-math/2.2/commons-math-2.2.jar:/Users/amieldelosreyes/.m2/repository/com/thoughtworks/xstream/xstream/1.4.19/xstream-1.4.19.jar:/Users/amieldelosreyes/.m2/repository/io/github/x-stream/mxparser/1.2.2/mxparser-1.2.2.jar:/Users/amieldelosreyes/.m2/repository/xmlpull/xmlpull/1.1.3.1/xmlpull-1.1.3.1.jar:/Users/amieldelosreyes/.m2/repository/com/netflix/servo/servo-core/0.12.21/servo-core-0.12.21.jar:/Users/amieldelosreyes/.m2/repository/com/google/guava/guava/19.0/guava-19.0.jar:/Users/amieldelosreyes/.m2/repository/org/apache/httpcomponents/httpclient/4.5.3/httpclient-4.5.3.jar:/Users/amieldelosreyes/.m2/repository/org/apache/httpcomponents/httpcore/4.4.16/httpcore-4.4.16.jar:/Users/amieldelosreyes/.m2/repository/commons-configuration/commons-configuration/1.10/commons-configuration-1.10.jar:/Users/amieldelosreyes/.m2/repository/commons-lang/commons-lang/2.6/commons-lang-2.6.jar:/Users/amieldelosreyes/.m2/repository/org/codehaus/jettison/jettison/1.5.4/jettison-1.5.4.jar:/Users/amieldelosreyes/.m2/repository/org/apache/httpcomponents/client5/httpclient5/5.3.1/httpclient5-5.3.1.jar:/Users/amieldelosreyes/.m2/repository/org/apache/httpcomponents/core5/httpcore5/5.2.4/httpcore5-5.2.4.jar:/Users/amieldelosreyes/.m2/repository/org/apache/httpcomponents/core5/httpcore5-h2/5.2.4/httpcore5-h2-5.2.4.jar:/Users/amieldelosreyes/.m2/repository/com/netflix/eureka/eureka-client-jersey3/2.0.2/eureka-client-jersey3-2.0.2.jar:/Users/amieldelosreyes/.m2/repository/org/glassfish/jersey/connectors/jersey-apache-connector/3.1.7/jersey-apache-connector-3.1.7.jar:/Users/amieldelosreyes/.m2/repository/commons-codec/commons-codec/1.16.1/commons-codec-1.16.1.jar:/Users/amieldelosreyes/.m2/repository/commons-logging/commons-logging/1.3.1/commons-logging-1.3.1.jar:/Users/amieldelosreyes/.m2/repository/com/netflix/eureka/eureka-core-jersey3/2.0.2/eureka-core-jersey3-2.0.2.jar:/Users/amieldelosreyes/.m2/repository/com/netflix/eureka/eureka-core/2.0.2/eureka-core-2.0.2.jar:/Users/amieldelosreyes/.m2/repository/org/glassfish/jersey/containers/jersey-container-servlet/3.1.7/jersey-container-servlet-3.1.7.jar:/Users/amieldelosreyes/.m2/repository/org/glassfish/jersey/containers/jersey-container-servlet-core/3.1.7/jersey-container-servlet-core-3.1.7.jar:/Users/amieldelosreyes/.m2/repository/org/glassfish/jersey/core/jersey-common/3.1.7/jersey-common-3.1.7.jar:/Users/amieldelosreyes/.m2/repository/org/glassfish/hk2/osgi-resource-locator/1.0.3/osgi-resource-locator-1.0.3.jar:/Users/amieldelosreyes/.m2/repository/jakarta/ws/rs/jakarta.ws.rs-api/3.1.0/jakarta.ws.rs-api-3.1.0.jar:/Users/amieldelosreyes/.m2/repository/org/glassfish/jersey/core/jersey-server/3.1.7/jersey-server-3.1.7.jar:/Users/amieldelosreyes/.m2/repository/jakarta/inject/jakarta.inject-api/2.0.1/jakarta.inject-api-2.0.1.jar:/Users/amieldelosreyes/.m2/repository/jakarta/validation/jakarta.validation-api/3.0.2/jakarta.validation-api-3.0.2.jar:/Users/amieldelosreyes/.m2/repository/org/glassfish/jersey/core/jersey-client/3.1.7/jersey-client-3.1.7.jar:/Users/amieldelosreyes/.m2/repository/org/glassfish/jersey/inject/jersey-hk2/3.1.7/jersey-hk2-3.1.7.jar:/Users/amieldelosreyes/.m2/repository/org/glassfish/hk2/hk2-locator/3.0.6/hk2-locator-3.0.6.jar:/Users/amieldelosreyes/.m2/repository/org/glassfish/hk2/external/aopalliance-repackaged/3.0.6/aopalliance-repackaged-3.0.6.jar:/Users/amieldelosreyes/.m2/repository/org/glassfish/hk2/hk2-utils/3.0.6/hk2-utils-3.0.6.jar:/Users/amieldelosreyes/.m2/repository/org/javassist/javassist/3.30.2-GA/javassist-3.30.2-GA.jar:/Users/amieldelosreyes/.m2/repository/org/glassfish/hk2/spring-bridge/3.1.0/spring-bridge-3.1.0.jar:/Users/amieldelosreyes/.m2/repository/org/glassfish/hk2/hk2-api/3.1.0/hk2-api-3.1.0.jar:/Users/amieldelosreyes/.m2/repository/com/fasterxml/jackson/dataformat/jackson-dataformat-xml/2.17.1/jackson-dataformat-xml-2.17.1.jar:/Users/amieldelosreyes/.m2/repository/com/fasterxml/jackson/core/jackson-core/2.17.1/jackson-core-2.17.1.jar:/Users/amieldelosreyes/.m2/repository/com/fasterxml/jackson/core/jackson-annotations/2.17.1/jackson-annotations-2.17.1.jar:/Users/amieldelosreyes/.m2/repository/org/codehaus/woodstox/stax2-api/4.2.2/stax2-api-4.2.2.jar:/Users/amieldelosreyes/.m2/repository/com/fasterxml/woodstox/woodstox-core/6.6.2/woodstox-core-6.6.2.jar:/Users/amieldelosreyes/.m2/repository/org/springframework/cloud/spring-cloud-starter-loadbalancer/4.1.3/spring-cloud-starter-loadbalancer-4.1.3.jar:/Users/amieldelosreyes/.m2/repository/org/springframework/cloud/spring-cloud-loadbalancer/4.1.3/spring-cloud-loadbalancer-4.1.3.jar:/Users/amieldelosreyes/.m2/repository/io/projectreactor/reactor-core/3.6.7/reactor-core-3.6.7.jar:/Users/amieldelosreyes/.m2/repository/org/reactivestreams/reactive-streams/1.0.4/reactive-streams-1.0.4.jar:/Users/amieldelosreyes/.m2/repository/io/projectreactor/addons/reactor-extra/3.5.1/reactor-extra-3.5.1.jar:/Users/amieldelosreyes/.m2/repository/org/springframework/boot/spring-boot-starter-cache/3.3.1/spring-boot-starter-cache-3.3.1.jar:/Users/amieldelosreyes/.m2/repository/com/stoyanr/evictor/1.0.0/evictor-1.0.0.jar:/Users/amieldelosreyes/.m2/repository/org/glassfish/jaxb/jaxb-runtime/4.0.5/jaxb-runtime-4.0.5.jar:/Users/amieldelosreyes/.m2/repository/org/glassfish/jaxb/jaxb-core/4.0.5/jaxb-core-4.0.5.jar:/Users/amieldelosreyes/.m2/repository/org/eclipse/angus/angus-activation/2.0.2/angus-activation-2.0.2.jar:/Users/amieldelosreyes/.m2/repository/org/glassfish/jaxb/txw2/4.0.5/txw2-4.0.5.jar:/Users/amieldelosreyes/.m2/repository/com/sun/istack/istack-commons-runtime/4.1.2/istack-commons-runtime-4.1.2.jar:/Users/amieldelosreyes/.m2/repository/org/springframework/boot/spring-boot-starter-test/3.3.1/spring-boot-starter-test-3.3.1.jar:/Users/amieldelosreyes/.m2/repository/org/springframework/boot/spring-boot-starter/3.3.1/spring-boot-starter-3.3.1.jar:/Users/amieldelosreyes/.m2/repository/org/springframework/boot/spring-boot/3.3.1/spring-boot-3.3.1.jar:/Users/amieldelosreyes/.m2/repository/org/springframework/boot/spring-boot-autoconfigure/3.3.1/spring-boot-autoconfigure-3.3.1.jar:/Users/amieldelosreyes/.m2/repository/org/springframework/boot/spring-boot-starter-logging/3.3.1/spring-boot-starter-logging-3.3.1.jar:/Users/amieldelosreyes/.m2/repository/ch/qos/logback/logback-classic/1.5.6/logback-classic-1.5.6.jar:/Users/amieldelosreyes/.m2/repository/ch/qos/logback/logback-core/1.5.6/logback-core-1.5.6.jar:/Users/amieldelosreyes/.m2/repository/org/apache/logging/log4j/log4j-to-slf4j/2.23.1/log4j-to-slf4j-2.23.1.jar:/Users/amieldelosreyes/.m2/repository/org/apache/logging/log4j/log4j-api/2.23.1/log4j-api-2.23.1.jar:/Users/amieldelosreyes/.m2/repository/org/slf4j/jul-to-slf4j/2.0.13/jul-to-slf4j-2.0.13.jar:/Users/amieldelosreyes/.m2/repository/jakarta/annotation/jakarta.annotation-api/2.1.1/jakarta.annotation-api-2.1.1.jar:/Users/amieldelosreyes/.m2/repository/org/yaml/snakeyaml/2.2/snakeyaml-2.2.jar:/Users/amieldelosreyes/.m2/repository/org/springframework/boot/spring-boot-test/3.3.1/spring-boot-test-3.3.1.jar:/Users/amieldelosreyes/.m2/repository/org/springframework/boot/spring-boot-test-autoconfigure/3.3.1/spring-boot-test-autoconfigure-3.3.1.jar:/Users/amieldelosreyes/.m2/repository/com/jayway/jsonpath/json-path/2.9.0/json-path-2.9.0.jar:/Users/amieldelosreyes/.m2/repository/org/slf4j/slf4j-api/2.0.13/slf4j-api-2.0.13.jar:/Users/amieldelosreyes/.m2/repository/jakarta/xml/bind/jakarta.xml.bind-api/4.0.2/jakarta.xml.bind-api-4.0.2.jar:/Users/amieldelosreyes/.m2/repository/jakarta/activation/jakarta.activation-api/2.1.3/jakarta.activation-api-2.1.3.jar:/Users/amieldelosreyes/.m2/repository/net/minidev/json-smart/2.5.1/json-smart-2.5.1.jar:/Users/amieldelosreyes/.m2/repository/net/minidev/accessors-smart/2.5.1/accessors-smart-2.5.1.jar:/Users/amieldelosreyes/.m2/repository/org/ow2/asm/asm/9.6/asm-9.6.jar:/Users/amieldelosreyes/.m2/repository/org/assertj/assertj-core/3.25.3/assertj-core-3.25.3.jar:/Users/amieldelosreyes/.m2/repository/net/bytebuddy/byte-buddy/1.14.17/byte-buddy-1.14.17.jar:/Users/amieldelosreyes/.m2/repository/org/awaitility/awaitility/4.2.1/awaitility-4.2.1.jar:/Users/amieldelosreyes/.m2/repository/org/hamcrest/hamcrest/2.2/hamcrest-2.2.jar:/Users/amieldelosreyes/.m2/repository/org/junit/jupiter/junit-jupiter/5.10.2/junit-jupiter-5.10.2.jar:/Users/amieldelosreyes/.m2/repository/org/junit/jupiter/junit-jupiter-api/5.10.2/junit-jupiter-api-5.10.2.jar:/Users/amieldelosreyes/.m2/repository/org/opentest4j/opentest4j/1.3.0/opentest4j-1.3.0.jar:/Users/amieldelosreyes/.m2/repository/org/junit/platform/junit-platform-commons/1.10.2/junit-platform-commons-1.10.2.jar:/Users/amieldelosreyes/.m2/repository/org/apiguardian/apiguardian-api/1.1.2/apiguardian-api-1.1.2.jar:/Users/amieldelosreyes/.m2/repository/org/junit/jupiter/junit-jupiter-params/5.10.2/junit-jupiter-params-5.10.2.jar:/Users/amieldelosreyes/.m2/repository/org/junit/jupiter/junit-jupiter-engine/5.10.2/junit-jupiter-engine-5.10.2.jar:/Users/amieldelosreyes/.m2/repository/org/junit/platform/junit-platform-engine/1.10.2/junit-platform-engine-1.10.2.jar:/Users/amieldelosreyes/.m2/repository/org/mockito/mockito-core/5.11.0/mockito-core-5.11.0.jar:/Users/amieldelosreyes/.m2/repository/net/bytebuddy/byte-buddy-agent/1.14.17/byte-buddy-agent-1.14.17.jar:/Users/amieldelosreyes/.m2/repository/org/objenesis/objenesis/3.3/objenesis-3.3.jar:/Users/amieldelosreyes/.m2/repository/org/mockito/mockito-junit-jupiter/5.11.0/mockito-junit-jupiter-5.11.0.jar:/Users/amieldelosreyes/.m2/repository/org/skyscreamer/jsonassert/1.5.1/jsonassert-1.5.1.jar:/Users/amieldelosreyes/.m2/repository/com/vaadin/external/google/android-json/0.0.20131108.vaadin1/android-json-0.0.20131108.vaadin1.jar:/Users/amieldelosreyes/.m2/repository/org/springframework/spring-core/6.1.10/spring-core-6.1.10.jar:/Users/amieldelosreyes/.m2/repository/org/springframework/spring-jcl/6.1.10/spring-jcl-6.1.10.jar:/Users/amieldelosreyes/.m2/repository/org/springframework/spring-test/6.1.10/spring-test-6.1.10.jar:/Users/amieldelosreyes/.m2/repository/org/xmlunit/xmlunit-core/2.9.1/xmlunit-core-2.9.1.jar:/Users/amieldelosreyes/.m2/repository/org/springframework/boot/spring-boot-starter-web/3.3.1/spring-boot-starter-web-3.3.1.jar:/Users/amieldelosreyes/.m2/repository/org/springframework/boot/spring-boot-starter-json/3.3.1/spring-boot-starter-json-3.3.1.jar:/Users/amieldelosreyes/.m2/repository/com/fasterxml/jackson/core/jackson-databind/2.17.1/jackson-databind-2.17.1.jar:/Users/amieldelosreyes/.m2/repository/com/fasterxml/jackson/datatype/jackson-datatype-jdk8/2.17.1/jackson-datatype-jdk8-2.17.1.jar:/Users/amieldelosreyes/.m2/repository/com/fasterxml/jackson/datatype/jackson-datatype-jsr310/2.17.1/jackson-datatype-jsr310-2.17.1.jar:/Users/amieldelosreyes/.m2/repository/com/fasterxml/jackson/module/jackson-module-parameter-names/2.17.1/jackson-module-parameter-names-2.17.1.jar:/Users/amieldelosreyes/.m2/repository/org/springframework/boot/spring-boot-starter-tomcat/3.3.1/spring-boot-starter-tomcat-3.3.1.jar:/Users/amieldelosreyes/.m2/repository/org/apache/tomcat/embed/tomcat-embed-core/10.1.25/tomcat-embed-core-10.1.25.jar:/Users/amieldelosreyes/.m2/repository/org/apache/tomcat/embed/tomcat-embed-el/10.1.25/tomcat-embed-el-10.1.25.jar:/Users/amieldelosreyes/.m2/repository/org/apache/tomcat/embed/tomcat-embed-websocket/10.1.25/tomcat-embed-websocket-10.1.25.jar:/Users/amieldelosreyes/.m2/repository/org/springframework/spring-web/6.1.10/spring-web-6.1.10.jar:/Users/amieldelosreyes/.m2/repository/org/springframework/spring-beans/6.1.10/spring-beans-6.1.10.jar:/Users/amieldelosreyes/.m2/repository/io/micrometer/micrometer-observation/1.13.1/micrometer-observation-1.13.1.jar:/Users/amieldelosreyes/.m2/repository/io/micrometer/micrometer-commons/1.13.1/micrometer-commons-1.13.1.jar:/Users/amieldelosreyes/.m2/repository/org/springframework/spring-webmvc/6.1.10/spring-webmvc-6.1.10.jar:/Users/amieldelosreyes/.m2/repository/org/springframework/spring-aop/6.1.10/spring-aop-6.1.10.jar:/Users/amieldelosreyes/.m2/repository/org/springframework/spring-context/6.1.10/spring-context-6.1.10.jar:/Users/amieldelosreyes/.m2/repository/org/springframework/spring-expression/6.1.10/spring-expression-6.1.10.jar:"/>
    <property name="java.vm.vendor" value="Amazon.com Inc."/>
    <property name="sun.arch.data.model" value="64"/>
    <property name="java.vendor.url" value="https://aws.amazon.com/corretto/"/>
    <property name="user.timezone" value="Asia/Manila"/>
    <property name="os.name" value="Mac OS X"/>
    <property name="java.vm.specification.version" value="21"/>
    <property name="sun.java.launcher" value="SUN_STANDARD"/>
    <property name="user.country" value="PH"/>
    <property name="sun.boot.library.path" value="/Users/amieldelosreyes/Library/Java/JavaVirtualMachines/corretto-21.0.2/Contents/Home/lib"/>
    <property name="sun.java.command" value="/Users/amieldelosreyes/Desktop/Amiel Microservice Ecosystem/service-registry/target/surefire/surefirebooter-20240622132817486_3.jar /Users/amieldelosreyes/Desktop/Amiel Microservice Ecosystem/service-registry/target/surefire 2024-06-22T13-28-15_926-jvmRun1 surefire-20240622132817486_1tmp surefire_0-20240622132817486_2tmp"/>
    <property name="http.nonProxyHosts" value="local|*.local|169.254/16|*.169.254/16"/>
    <property name="jdk.debug" value="release"/>
    <property name="surefire.test.class.path" value="/Users/amieldelosreyes/Desktop/Amiel Microservice Ecosystem/service-registry/target/test-classes:/Users/amieldelosreyes/Desktop/Amiel Microservice Ecosystem/service-registry/target/classes:/Users/amieldelosreyes/.m2/repository/org/springframework/cloud/spring-cloud-starter-netflix-eureka-server/4.1.2/spring-cloud-starter-netflix-eureka-server-4.1.2.jar:/Users/amieldelosreyes/.m2/repository/org/springframework/cloud/spring-cloud-starter/4.1.3/spring-cloud-starter-4.1.3.jar:/Users/amieldelosreyes/.m2/repository/org/springframework/cloud/spring-cloud-context/4.1.3/spring-cloud-context-4.1.3.jar:/Users/amieldelosreyes/.m2/repository/org/springframework/security/spring-security-crypto/6.3.1/spring-security-crypto-6.3.1.jar:/Users/amieldelosreyes/.m2/repository/org/springframework/cloud/spring-cloud-commons/4.1.3/spring-cloud-commons-4.1.3.jar:/Users/amieldelosreyes/.m2/repository/org/springframework/security/spring-security-rsa/1.1.3/spring-security-rsa-1.1.3.jar:/Users/amieldelosreyes/.m2/repository/org/bouncycastle/bcprov-jdk18on/1.78/bcprov-jdk18on-1.78.jar:/Users/amieldelosreyes/.m2/repository/org/springframework/cloud/spring-cloud-netflix-eureka-server/4.1.2/spring-cloud-netflix-eureka-server-4.1.2.jar:/Users/amieldelosreyes/.m2/repository/org/springframework/boot/spring-boot-starter-actuator/3.3.1/spring-boot-starter-actuator-3.3.1.jar:/Users/amieldelosreyes/.m2/repository/org/springframework/boot/spring-boot-actuator-autoconfigure/3.3.1/spring-boot-actuator-autoconfigure-3.3.1.jar:/Users/amieldelosreyes/.m2/repository/org/springframework/boot/spring-boot-actuator/3.3.1/spring-boot-actuator-3.3.1.jar:/Users/amieldelosreyes/.m2/repository/io/micrometer/micrometer-jakarta9/1.13.1/micrometer-jakarta9-1.13.1.jar:/Users/amieldelosreyes/.m2/repository/io/micrometer/micrometer-core/1.13.1/micrometer-core-1.13.1.jar:/Users/amieldelosreyes/.m2/repository/org/hdrhistogram/HdrHistogram/2.2.2/HdrHistogram-2.2.2.jar:/Users/amieldelosreyes/.m2/repository/org/latencyutils/LatencyUtils/2.0.3/LatencyUtils-2.0.3.jar:/Users/amieldelosreyes/.m2/repository/org/springframework/boot/spring-boot-starter-freemarker/3.3.1/spring-boot-starter-freemarker-3.3.1.jar:/Users/amieldelosreyes/.m2/repository/org/freemarker/freemarker/2.3.33/freemarker-2.3.33.jar:/Users/amieldelosreyes/.m2/repository/org/springframework/spring-context-support/6.1.10/spring-context-support-6.1.10.jar:/Users/amieldelosreyes/.m2/repository/org/springframework/cloud/spring-cloud-netflix-eureka-client/4.1.2/spring-cloud-netflix-eureka-client-4.1.2.jar:/Users/amieldelosreyes/.m2/repository/com/netflix/eureka/eureka-client/2.0.2/eureka-client-2.0.2.jar:/Users/amieldelosreyes/.m2/repository/com/netflix/netflix-commons/netflix-eventbus/0.3.0/netflix-eventbus-0.3.0.jar:/Users/amieldelosreyes/.m2/repository/com/netflix/netflix-commons/netflix-infix/0.3.0/netflix-infix-0.3.0.jar:/Users/amieldelosreyes/.m2/repository/commons-jxpath/commons-jxpath/1.3/commons-jxpath-1.3.jar:/Users/amieldelosreyes/.m2/repository/joda-time/joda-time/2.3/joda-time-2.3.jar:/Users/amieldelosreyes/.m2/repository/org/antlr/antlr-runtime/3.4/antlr-runtime-3.4.jar:/Users/amieldelosreyes/.m2/repository/org/antlr/stringtemplate/3.2.1/stringtemplate-3.2.1.jar:/Users/amieldelosreyes/.m2/repository/antlr/antlr/2.7.7/antlr-2.7.7.jar:/Users/amieldelosreyes/.m2/repository/com/google/code/gson/gson/2.10.1/gson-2.10.1.jar:/Users/amieldelosreyes/.m2/repository/org/apache/commons/commons-math/2.2/commons-math-2.2.jar:/Users/amieldelosreyes/.m2/repository/com/thoughtworks/xstream/xstream/1.4.19/xstream-1.4.19.jar:/Users/amieldelosreyes/.m2/repository/io/github/x-stream/mxparser/1.2.2/mxparser-1.2.2.jar:/Users/amieldelosreyes/.m2/repository/xmlpull/xmlpull/1.1.3.1/xmlpull-1.1.3.1.jar:/Users/amieldelosreyes/.m2/repository/com/netflix/servo/servo-core/0.12.21/servo-core-0.12.21.jar:/Users/amieldelosreyes/.m2/repository/com/google/guava/guava/19.0/guava-19.0.jar:/Users/amieldelosreyes/.m2/repository/org/apache/httpcomponents/httpclient/4.5.3/httpclient-4.5.3.jar:/Users/amieldelosreyes/.m2/repository/org/apache/httpcomponents/httpcore/4.4.16/httpcore-4.4.16.jar:/Users/amieldelosreyes/.m2/repository/commons-configuration/commons-configuration/1.10/commons-configuration-1.10.jar:/Users/amieldelosreyes/.m2/repository/commons-lang/commons-lang/2.6/commons-lang-2.6.jar:/Users/amieldelosreyes/.m2/repository/org/codehaus/jettison/jettison/1.5.4/jettison-1.5.4.jar:/Users/amieldelosreyes/.m2/repository/org/apache/httpcomponents/client5/httpclient5/5.3.1/httpclient5-5.3.1.jar:/Users/amieldelosreyes/.m2/repository/org/apache/httpcomponents/core5/httpcore5/5.2.4/httpcore5-5.2.4.jar:/Users/amieldelosreyes/.m2/repository/org/apache/httpcomponents/core5/httpcore5-h2/5.2.4/httpcore5-h2-5.2.4.jar:/Users/amieldelosreyes/.m2/repository/com/netflix/eureka/eureka-client-jersey3/2.0.2/eureka-client-jersey3-2.0.2.jar:/Users/amieldelosreyes/.m2/repository/org/glassfish/jersey/connectors/jersey-apache-connector/3.1.7/jersey-apache-connector-3.1.7.jar:/Users/amieldelosreyes/.m2/repository/commons-codec/commons-codec/1.16.1/commons-codec-1.16.1.jar:/Users/amieldelosreyes/.m2/repository/commons-logging/commons-logging/1.3.1/commons-logging-1.3.1.jar:/Users/amieldelosreyes/.m2/repository/com/netflix/eureka/eureka-core-jersey3/2.0.2/eureka-core-jersey3-2.0.2.jar:/Users/amieldelosreyes/.m2/repository/com/netflix/eureka/eureka-core/2.0.2/eureka-core-2.0.2.jar:/Users/amieldelosreyes/.m2/repository/org/glassfish/jersey/containers/jersey-container-servlet/3.1.7/jersey-container-servlet-3.1.7.jar:/Users/amieldelosreyes/.m2/repository/org/glassfish/jersey/containers/jersey-container-servlet-core/3.1.7/jersey-container-servlet-core-3.1.7.jar:/Users/amieldelosreyes/.m2/repository/org/glassfish/jersey/core/jersey-common/3.1.7/jersey-common-3.1.7.jar:/Users/amieldelosreyes/.m2/repository/org/glassfish/hk2/osgi-resource-locator/1.0.3/osgi-resource-locator-1.0.3.jar:/Users/amieldelosreyes/.m2/repository/jakarta/ws/rs/jakarta.ws.rs-api/3.1.0/jakarta.ws.rs-api-3.1.0.jar:/Users/amieldelosreyes/.m2/repository/org/glassfish/jersey/core/jersey-server/3.1.7/jersey-server-3.1.7.jar:/Users/amieldelosreyes/.m2/repository/jakarta/inject/jakarta.inject-api/2.0.1/jakarta.inject-api-2.0.1.jar:/Users/amieldelosreyes/.m2/repository/jakarta/validation/jakarta.validation-api/3.0.2/jakarta.validation-api-3.0.2.jar:/Users/amieldelosreyes/.m2/repository/org/glassfish/jersey/core/jersey-client/3.1.7/jersey-client-3.1.7.jar:/Users/amieldelosreyes/.m2/repository/org/glassfish/jersey/inject/jersey-hk2/3.1.7/jersey-hk2-3.1.7.jar:/Users/amieldelosreyes/.m2/repository/org/glassfish/hk2/hk2-locator/3.0.6/hk2-locator-3.0.6.jar:/Users/amieldelosreyes/.m2/repository/org/glassfish/hk2/external/aopalliance-repackaged/3.0.6/aopalliance-repackaged-3.0.6.jar:/Users/amieldelosreyes/.m2/repository/org/glassfish/hk2/hk2-utils/3.0.6/hk2-utils-3.0.6.jar:/Users/amieldelosreyes/.m2/repository/org/javassist/javassist/3.30.2-GA/javassist-3.30.2-GA.jar:/Users/amieldelosreyes/.m2/repository/org/glassfish/hk2/spring-bridge/3.1.0/spring-bridge-3.1.0.jar:/Users/amieldelosreyes/.m2/repository/org/glassfish/hk2/hk2-api/3.1.0/hk2-api-3.1.0.jar:/Users/amieldelosreyes/.m2/repository/com/fasterxml/jackson/dataformat/jackson-dataformat-xml/2.17.1/jackson-dataformat-xml-2.17.1.jar:/Users/amieldelosreyes/.m2/repository/com/fasterxml/jackson/core/jackson-core/2.17.1/jackson-core-2.17.1.jar:/Users/amieldelosreyes/.m2/repository/com/fasterxml/jackson/core/jackson-annotations/2.17.1/jackson-annotations-2.17.1.jar:/Users/amieldelosreyes/.m2/repository/org/codehaus/woodstox/stax2-api/4.2.2/stax2-api-4.2.2.jar:/Users/amieldelosreyes/.m2/repository/com/fasterxml/woodstox/woodstox-core/6.6.2/woodstox-core-6.6.2.jar:/Users/amieldelosreyes/.m2/repository/org/springframework/cloud/spring-cloud-starter-loadbalancer/4.1.3/spring-cloud-starter-loadbalancer-4.1.3.jar:/Users/amieldelosreyes/.m2/repository/org/springframework/cloud/spring-cloud-loadbalancer/4.1.3/spring-cloud-loadbalancer-4.1.3.jar:/Users/amieldelosreyes/.m2/repository/io/projectreactor/reactor-core/3.6.7/reactor-core-3.6.7.jar:/Users/amieldelosreyes/.m2/repository/org/reactivestreams/reactive-streams/1.0.4/reactive-streams-1.0.4.jar:/Users/amieldelosreyes/.m2/repository/io/projectreactor/addons/reactor-extra/3.5.1/reactor-extra-3.5.1.jar:/Users/amieldelosreyes/.m2/repository/org/springframework/boot/spring-boot-starter-cache/3.3.1/spring-boot-starter-cache-3.3.1.jar:/Users/amieldelosreyes/.m2/repository/com/stoyanr/evictor/1.0.0/evictor-1.0.0.jar:/Users/amieldelosreyes/.m2/repository/org/glassfish/jaxb/jaxb-runtime/4.0.5/jaxb-runtime-4.0.5.jar:/Users/amieldelosreyes/.m2/repository/org/glassfish/jaxb/jaxb-core/4.0.5/jaxb-core-4.0.5.jar:/Users/amieldelosreyes/.m2/repository/org/eclipse/angus/angus-activation/2.0.2/angus-activation-2.0.2.jar:/Users/amieldelosreyes/.m2/repository/org/glassfish/jaxb/txw2/4.0.5/txw2-4.0.5.jar:/Users/amieldelosreyes/.m2/repository/com/sun/istack/istack-commons-runtime/4.1.2/istack-commons-runtime-4.1.2.jar:/Users/amieldelosreyes/.m2/repository/org/springframework/boot/spring-boot-starter-test/3.3.1/spring-boot-starter-test-3.3.1.jar:/Users/amieldelosreyes/.m2/repository/org/springframework/boot/spring-boot-starter/3.3.1/spring-boot-starter-3.3.1.jar:/Users/amieldelosreyes/.m2/repository/org/springframework/boot/spring-boot/3.3.1/spring-boot-3.3.1.jar:/Users/amieldelosreyes/.m2/repository/org/springframework/boot/spring-boot-autoconfigure/3.3.1/spring-boot-autoconfigure-3.3.1.jar:/Users/amieldelosreyes/.m2/repository/org/springframework/boot/spring-boot-starter-logging/3.3.1/spring-boot-starter-logging-3.3.1.jar:/Users/amieldelosreyes/.m2/repository/ch/qos/logback/logback-classic/1.5.6/logback-classic-1.5.6.jar:/Users/amieldelosreyes/.m2/repository/ch/qos/logback/logback-core/1.5.6/logback-core-1.5.6.jar:/Users/amieldelosreyes/.m2/repository/org/apache/logging/log4j/log4j-to-slf4j/2.23.1/log4j-to-slf4j-2.23.1.jar:/Users/amieldelosreyes/.m2/repository/org/apache/logging/log4j/log4j-api/2.23.1/log4j-api-2.23.1.jar:/Users/amieldelosreyes/.m2/repository/org/slf4j/jul-to-slf4j/2.0.13/jul-to-slf4j-2.0.13.jar:/Users/amieldelosreyes/.m2/repository/jakarta/annotation/jakarta.annotation-api/2.1.1/jakarta.annotation-api-2.1.1.jar:/Users/amieldelosreyes/.m2/repository/org/yaml/snakeyaml/2.2/snakeyaml-2.2.jar:/Users/amieldelosreyes/.m2/repository/org/springframework/boot/spring-boot-test/3.3.1/spring-boot-test-3.3.1.jar:/Users/amieldelosreyes/.m2/repository/org/springframework/boot/spring-boot-test-autoconfigure/3.3.1/spring-boot-test-autoconfigure-3.3.1.jar:/Users/amieldelosreyes/.m2/repository/com/jayway/jsonpath/json-path/2.9.0/json-path-2.9.0.jar:/Users/amieldelosreyes/.m2/repository/org/slf4j/slf4j-api/2.0.13/slf4j-api-2.0.13.jar:/Users/amieldelosreyes/.m2/repository/jakarta/xml/bind/jakarta.xml.bind-api/4.0.2/jakarta.xml.bind-api-4.0.2.jar:/Users/amieldelosreyes/.m2/repository/jakarta/activation/jakarta.activation-api/2.1.3/jakarta.activation-api-2.1.3.jar:/Users/amieldelosreyes/.m2/repository/net/minidev/json-smart/2.5.1/json-smart-2.5.1.jar:/Users/amieldelosreyes/.m2/repository/net/minidev/accessors-smart/2.5.1/accessors-smart-2.5.1.jar:/Users/amieldelosreyes/.m2/repository/org/ow2/asm/asm/9.6/asm-9.6.jar:/Users/amieldelosreyes/.m2/repository/org/assertj/assertj-core/3.25.3/assertj-core-3.25.3.jar:/Users/amieldelosreyes/.m2/repository/net/bytebuddy/byte-buddy/1.14.17/byte-buddy-1.14.17.jar:/Users/amieldelosreyes/.m2/repository/org/awaitility/awaitility/4.2.1/awaitility-4.2.1.jar:/Users/amieldelosreyes/.m2/repository/org/hamcrest/hamcrest/2.2/hamcrest-2.2.jar:/Users/amieldelosreyes/.m2/repository/org/junit/jupiter/junit-jupiter/5.10.2/junit-jupiter-5.10.2.jar:/Users/amieldelosreyes/.m2/repository/org/junit/jupiter/junit-jupiter-api/5.10.2/junit-jupiter-api-5.10.2.jar:/Users/amieldelosreyes/.m2/repository/org/opentest4j/opentest4j/1.3.0/opentest4j-1.3.0.jar:/Users/amieldelosreyes/.m2/repository/org/junit/platform/junit-platform-commons/1.10.2/junit-platform-commons-1.10.2.jar:/Users/amieldelosreyes/.m2/repository/org/apiguardian/apiguardian-api/1.1.2/apiguardian-api-1.1.2.jar:/Users/amieldelosreyes/.m2/repository/org/junit/jupiter/junit-jupiter-params/5.10.2/junit-jupiter-params-5.10.2.jar:/Users/amieldelosreyes/.m2/repository/org/junit/jupiter/junit-jupiter-engine/5.10.2/junit-jupiter-engine-5.10.2.jar:/Users/amieldelosreyes/.m2/repository/org/junit/platform/junit-platform-engine/1.10.2/junit-platform-engine-1.10.2.jar:/Users/amieldelosreyes/.m2/repository/org/mockito/mockito-core/5.11.0/mockito-core-5.11.0.jar:/Users/amieldelosreyes/.m2/repository/net/bytebuddy/byte-buddy-agent/1.14.17/byte-buddy-agent-1.14.17.jar:/Users/amieldelosreyes/.m2/repository/org/objenesis/objenesis/3.3/objenesis-3.3.jar:/Users/amieldelosreyes/.m2/repository/org/mockito/mockito-junit-jupiter/5.11.0/mockito-junit-jupiter-5.11.0.jar:/Users/amieldelosreyes/.m2/repository/org/skyscreamer/jsonassert/1.5.1/jsonassert-1.5.1.jar:/Users/amieldelosreyes/.m2/repository/com/vaadin/external/google/android-json/0.0.20131108.vaadin1/android-json-0.0.20131108.vaadin1.jar:/Users/amieldelosreyes/.m2/repository/org/springframework/spring-core/6.1.10/spring-core-6.1.10.jar:/Users/amieldelosreyes/.m2/repository/org/springframework/spring-jcl/6.1.10/spring-jcl-6.1.10.jar:/Users/amieldelosreyes/.m2/repository/org/springframework/spring-test/6.1.10/spring-test-6.1.10.jar:/Users/amieldelosreyes/.m2/repository/org/xmlunit/xmlunit-core/2.9.1/xmlunit-core-2.9.1.jar:/Users/amieldelosreyes/.m2/repository/org/springframework/boot/spring-boot-starter-web/3.3.1/spring-boot-starter-web-3.3.1.jar:/Users/amieldelosreyes/.m2/repository/org/springframework/boot/spring-boot-starter-json/3.3.1/spring-boot-starter-json-3.3.1.jar:/Users/amieldelosreyes/.m2/repository/com/fasterxml/jackson/core/jackson-databind/2.17.1/jackson-databind-2.17.1.jar:/Users/amieldelosreyes/.m2/repository/com/fasterxml/jackson/datatype/jackson-datatype-jdk8/2.17.1/jackson-datatype-jdk8-2.17.1.jar:/Users/amieldelosreyes/.m2/repository/com/fasterxml/jackson/datatype/jackson-datatype-jsr310/2.17.1/jackson-datatype-jsr310-2.17.1.jar:/Users/amieldelosreyes/.m2/repository/com/fasterxml/jackson/module/jackson-module-parameter-names/2.17.1/jackson-module-parameter-names-2.17.1.jar:/Users/amieldelosreyes/.m2/repository/org/springframework/boot/spring-boot-starter-tomcat/3.3.1/spring-boot-starter-tomcat-3.3.1.jar:/Users/amieldelosreyes/.m2/repository/org/apache/tomcat/embed/tomcat-embed-core/10.1.25/tomcat-embed-core-10.1.25.jar:/Users/amieldelosreyes/.m2/repository/org/apache/tomcat/embed/tomcat-embed-el/10.1.25/tomcat-embed-el-10.1.25.jar:/Users/amieldelosreyes/.m2/repository/org/apache/tomcat/embed/tomcat-embed-websocket/10.1.25/tomcat-embed-websocket-10.1.25.jar:/Users/amieldelosreyes/.m2/repository/org/springframework/spring-web/6.1.10/spring-web-6.1.10.jar:/Users/amieldelosreyes/.m2/repository/org/springframework/spring-beans/6.1.10/spring-beans-6.1.10.jar:/Users/amieldelosreyes/.m2/repository/io/micrometer/micrometer-observation/1.13.1/micrometer-observation-1.13.1.jar:/Users/amieldelosreyes/.m2/repository/io/micrometer/micrometer-commons/1.13.1/micrometer-commons-1.13.1.jar:/Users/amieldelosreyes/.m2/repository/org/springframework/spring-webmvc/6.1.10/spring-webmvc-6.1.10.jar:/Users/amieldelosreyes/.m2/repository/org/springframework/spring-aop/6.1.10/spring-aop-6.1.10.jar:/Users/amieldelosreyes/.m2/repository/org/springframework/spring-context/6.1.10/spring-context-6.1.10.jar:/Users/amieldelosreyes/.m2/repository/org/springframework/spring-expression/6.1.10/spring-expression-6.1.10.jar:"/>
    <property name="sun.cpu.endian" value="little"/>
    <property name="user.home" value="/Users/amieldelosreyes"/>
    <property name="user.language" value="en"/>
    <property name="java.specification.vendor" value="Oracle Corporation"/>
    <property name="java.version.date" value="2024-01-16"/>
    <property name="java.home" value="/Users/amieldelosreyes/Library/Java/JavaVirtualMachines/corretto-21.0.2/Contents/Home"/>
    <property name="file.separator" value="/"/>
    <property name="basedir" value="/Users/amieldelosreyes/Desktop/Amiel Microservice Ecosystem/service-registry"/>
    <property name="java.vm.compressedOopsMode" value="Zero based"/>
    <property name="line.separator" value="&#10;"/>
    <property name="java.vm.specification.vendor" value="Oracle Corporation"/>
    <property name="java.specification.name" value="Java Platform API Specification"/>
    <property name="FILE_LOG_CHARSET" value="UTF-8"/>
    <property name="java.awt.headless" value="true"/>
    <property name="apple.awt.application.name" value="ForkedBooter"/>
    <property name="surefire.real.class.path" value="/Users/amieldelosreyes/Desktop/Amiel Microservice Ecosystem/service-registry/target/surefire/surefirebooter-20240622132817486_3.jar"/>
    <property name="sun.management.compiler" value="HotSpot 64-Bit Tiered Compilers"/>
    <property name="ftp.nonProxyHosts" value="local|*.local|169.254/16|*.169.254/16"/>
    <property name="java.runtime.version" value="21.0.2+13-LTS"/>
    <property name="user.name" value="amieldelosreyes"/>
    <property name="stdout.encoding" value="US-ASCII"/>
    <property name="path.separator" value=":"/>
    <property name="os.version" value="14.5"/>
    <property name="java.runtime.name" value="OpenJDK Runtime Environment"/>
    <property name="file.encoding" value="UTF-8"/>
    <property name="java.vm.name" value="OpenJDK 64-Bit Server VM"/>
    <property name="java.vendor.version" value="Corretto-21.0.2.13.1"/>
    <property name="localRepository" value="/Users/amieldelosreyes/.m2/repository"/>
    <property name="java.vendor.url.bug" value="https://github.com/corretto/corretto-21/issues/"/>
    <property name="java.io.tmpdir" value="/var/folders/r9/k4mqjvmx1pd8378xgjx9f2bh0000gn/T/"/>
    <property name="idea.version" value="2023.2"/>
    <property name="java.version" value="21.0.2"/>
    <property name="user.dir" value="/Users/amieldelosreyes/Desktop/Amiel Microservice Ecosystem/service-registry"/>
    <property name="os.arch" value="x86_64"/>
    <property name="java.vm.specification.name" value="Java Virtual Machine Specification"/>
    <property name="PID" value="3386"/>
    <property name="CONSOLE_LOG_CHARSET" value="UTF-8"/>
    <property name="native.encoding" value="US-ASCII"/>
    <property name="java.library.path" value="/Users/amieldelosreyes/Library/Java/Extensions:/Library/Java/Extensions:/Network/Library/Java/Extensions:/System/Library/Java/Extensions:/usr/lib/java:."/>
    <property name="java.vm.info" value="mixed mode, sharing"/>
    <property name="stderr.encoding" value="US-ASCII"/>
    <property name="java.vendor" value="Amazon.com Inc."/>
    <property name="java.vm.version" value="21.0.2+13-LTS"/>
    <property name="sun.io.unicode.encoding" value="UnicodeBig"/>
    <property name="socksNonProxyHosts" value="local|*.local|169.254/16|*.169.254/16"/>
    <property name="java.class.version" value="65.0"/>
    <property name="LOGGED_APPLICATION_NAME" value="[eurika-server] "/>
  </properties>
  <testcase name="contextLoads" classname="com.service_registry.eurika_server.EurekaServerApplicationTests" time="1.103">
    <system-out><![CDATA[Standard Commons Logging discovery in action with spring-jcl: please remove commons-logging.jar from classpath in order to avoid potential conflicts
13:28:18.928 [main] INFO org.springframework.test.context.support.AnnotationConfigContextLoaderUtils -- Could not detect default configuration classes for test class [com.service_registry.eurika_server.EurekaServerApplicationTests]: EurekaServerApplicationTests does not declare any static, non-private, non-final, nested classes annotated with @Configuration.
13:28:19.077 [main] INFO org.springframework.boot.test.context.SpringBootTestContextBootstrapper -- Found @SpringBootConfiguration com.service_registry.eurika_server.EurekaServerApplication for test class com.service_registry.eurika_server.EurekaServerApplicationTests
,--.   ,--.,--.       ,--.
|   `.'   |`--' ,---. |  |
|  |'.'|  |,--.| .-. :|  |
|  |   |  ||  |\   --.|  |
`--'   `--'`--' `----'`--'

Eureka Server - Service Registry
Created by Amiel De Los Reyes © 2024
2024-06-22T13:28:19.886+08:00  INFO 3386 --- [eurika-server] [           main] c.s.e.EurekaServerApplicationTests       : Starting EurekaServerApplicationTests using Java 21.0.2 with PID 3386 (started by amieldelosreyes in /Users/amieldelosreyes/Desktop/Amiel Microservice Ecosystem/service-registry)
2024-06-22T13:28:19.897+08:00  INFO 3386 --- [eurika-server] [           main] c.s.e.EurekaServerApplicationTests       : No active profile set, falling back to 1 default profile: "default"
2024-06-22T13:28:21.886+08:00  INFO 3386 --- [eurika-server] [           main] o.s.cloud.context.scope.GenericScope     : BeanFactory id=42820cf5-323e-34ac-833c-dede01824476
2024-06-22T13:28:22.112+08:00  WARN 3386 --- [eurika-server] [           main] trationDelegate$BeanPostProcessorChecker : Bean 'org.springframework.cloud.client.loadbalancer.LoadBalancerAutoConfiguration$DeferringLoadBalancerInterceptorConfig' of type [org.springframework.cloud.client.loadbalancer.LoadBalancerAutoConfiguration$DeferringLoadBalancerInterceptorConfig] is not eligible for getting processed by all BeanPostProcessors (for example: not eligible for auto-proxying). The currently created BeanPostProcessor [lbRestClientPostProcessor] is declared through a non-static factory method on that class; consider declaring it as static instead.
2024-06-22T13:28:22.118+08:00  WARN 3386 --- [eurika-server] [           main] trationDelegate$BeanPostProcessorChecker : Bean 'deferringLoadBalancerInterceptor' of type [org.springframework.cloud.client.loadbalancer.DeferringLoadBalancerInterceptor] is not eligible for getting processed by all BeanPostProcessors (for example: not eligible for auto-proxying). Is this bean getting eagerly injected into a currently created BeanPostProcessor [lbRestClientPostProcessor]? Check the corresponding BeanPostProcessor declaration and its dependencies.
2024-06-22T13:28:23.971+08:00  WARN 3386 --- [eurika-server] [           main] iguration$LoadBalancerCaffeineWarnLogger : Spring Cloud LoadBalancer is currently working with the default cache. While this cache implementation is useful for development and tests, it's recommended to use Caffeine cache in production.You can switch to using Caffeine cache, by adding it and org.springframework.cache.caffeine.CaffeineCacheManager to the classpath.
2024-06-22T13:28:24.436+08:00  INFO 3386 --- [eurika-server] [           main] o.s.c.n.eureka.InstanceInfoFactory       : Setting initial instance status as: STARTING
2024-06-22T13:28:24.460+08:00  INFO 3386 --- [eurika-server] [           main] com.netflix.discovery.DiscoveryClient    : Initializing Eureka in region us-east-1
2024-06-22T13:28:24.462+08:00  INFO 3386 --- [eurika-server] [           main] com.netflix.discovery.DiscoveryClient    : Client configured to neither register nor query for data.
2024-06-22T13:28:24.467+08:00  INFO 3386 --- [eurika-server] [           main] com.netflix.discovery.DiscoveryClient    : Discovery Client initialized at timestamp 1719034104467 with initial instances count: 0
2024-06-22T13:28:24.515+08:00  INFO 3386 --- [eurika-server] [           main] c.n.eureka.DefaultEurekaServerContext    : Initializing ...
2024-06-22T13:28:24.518+08:00  WARN 3386 --- [eurika-server] [           main] c.n.eureka.cluster.PeerEurekaNodes       : The replica size seems to be empty. Check the route 53 DNS Registry
2024-06-22T13:28:24.684+08:00  INFO 3386 --- [eurika-server] [           main] c.n.e.registry.AbstractInstanceRegistry  : Finished initializing remote region registries. All known remote regions: []
2024-06-22T13:28:24.688+08:00  INFO 3386 --- [eurika-server] [           main] c.n.eureka.DefaultEurekaServerContext    : Initialized
2024-06-22T13:28:24.972+08:00  INFO 3386 --- [eurika-server] [           main] o.s.b.a.e.web.EndpointLinksResolver      : Exposing 1 endpoint beneath base path '/actuator'
2024-06-22T13:28:25.092+08:00  INFO 3386 --- [eurika-server] [           main] o.s.c.n.e.s.EurekaServiceRegistry        : Registering application EURIKA-SERVER with eureka with status UP
2024-06-22T13:28:25.111+08:00  INFO 3386 --- [eurika-server] [      Thread-10] o.s.c.n.e.server.EurekaServerBootstrap   : isAws returned false
2024-06-22T13:28:25.113+08:00  INFO 3386 --- [eurika-server] [      Thread-10] o.s.c.n.e.server.EurekaServerBootstrap   : Initialized server context
2024-06-22T13:28:25.114+08:00  INFO 3386 --- [eurika-server] [      Thread-10] c.n.e.r.PeerAwareInstanceRegistryImpl    : Got 1 instances from neighboring DS node
2024-06-22T13:28:25.114+08:00  INFO 3386 --- [eurika-server] [      Thread-10] c.n.e.r.PeerAwareInstanceRegistryImpl    : Renew threshold is: 1
2024-06-22T13:28:25.114+08:00  INFO 3386 --- [eurika-server] [      Thread-10] c.n.e.r.PeerAwareInstanceRegistryImpl    : Changing status to UP
2024-06-22T13:28:25.123+08:00  INFO 3386 --- [eurika-server] [           main] c.s.e.EurekaServerApplicationTests       : Started EurekaServerApplicationTests in 5.867 seconds (process running for 7.309)
2024-06-22T13:28:25.153+08:00  INFO 3386 --- [eurika-server] [      Thread-10] e.s.EurekaServerInitializerConfiguration : Started Eureka Server
]]></system-out>
    <system-err><![CDATA[WARNING: A Java agent has been loaded dynamically (/Users/amieldelosreyes/.m2/repository/net/bytebuddy/byte-buddy-agent/1.14.17/byte-buddy-agent-1.14.17.jar)
WARNING: If a serviceability tool is in use, please run with -XX:+EnableDynamicAgentLoading to hide this warning
WARNING: If a serviceability tool is not in use, please run with -Djdk.instrument.traceUsage for more information
WARNING: Dynamic loading of agents will be disallowed by default in a future release
]]></system-err>
  </testcase>
</testsuite>